[debug] [2025-05-10T05:06:36.321Z] ----------------------------------------------------------------------
[debug] [2025-05-10T05:06:36.324Z] Command:       C:\Program Files\nodejs\node.exe C:\Users\cokea\AppData\Roaming\npm\node_modules\firebase-tools\lib\bin\firebase.js deploy --only functions
[debug] [2025-05-10T05:06:36.324Z] CLI Version:   14.3.0
[debug] [2025-05-10T05:06:36.324Z] Platform:      win32
[debug] [2025-05-10T05:06:36.324Z] Node Version:  v22.12.0
[debug] [2025-05-10T05:06:36.325Z] Time:          Sat May 10 2025 01:06:36 GMT-0400 (hora estándar de Chile)
[debug] [2025-05-10T05:06:36.325Z] ----------------------------------------------------------------------
[debug] 
[debug] [2025-05-10T05:06:36.524Z] > command requires scopes: ["email","openid","https://www.googleapis.com/auth/cloudplatformprojects.readonly","https://www.googleapis.com/auth/firebase","https://www.googleapis.com/auth/cloud-platform"]
[debug] [2025-05-10T05:06:36.525Z] > authorizing via signed-in user (cokeastorgac@gmail.com)
[debug] [2025-05-10T05:06:36.525Z] [iam] checking project destinochile-dbfde for permissions ["cloudfunctions.functions.create","cloudfunctions.functions.delete","cloudfunctions.functions.get","cloudfunctions.functions.list","cloudfunctions.functions.update","cloudfunctions.operations.get","firebase.projects.get"]
[debug] [2025-05-10T05:06:36.526Z] Checked if tokens are valid: true, expires at: 1746856189907
[debug] [2025-05-10T05:06:36.526Z] Checked if tokens are valid: true, expires at: 1746856189907
[debug] [2025-05-10T05:06:36.527Z] >>> [apiv2][query] POST https://cloudresourcemanager.googleapis.com/v1/projects/destinochile-dbfde:testIamPermissions [none]
[debug] [2025-05-10T05:06:36.527Z] >>> [apiv2][(partial)header] POST https://cloudresourcemanager.googleapis.com/v1/projects/destinochile-dbfde:testIamPermissions x-goog-quota-user=projects/destinochile-dbfde
[debug] [2025-05-10T05:06:36.527Z] >>> [apiv2][body] POST https://cloudresourcemanager.googleapis.com/v1/projects/destinochile-dbfde:testIamPermissions {"permissions":["cloudfunctions.functions.create","cloudfunctions.functions.delete","cloudfunctions.functions.get","cloudfunctions.functions.list","cloudfunctions.functions.update","cloudfunctions.operations.get","firebase.projects.get"]}
[debug] [2025-05-10T05:06:37.432Z] <<< [apiv2][status] POST https://cloudresourcemanager.googleapis.com/v1/projects/destinochile-dbfde:testIamPermissions 200
[debug] [2025-05-10T05:06:37.432Z] <<< [apiv2][body] POST https://cloudresourcemanager.googleapis.com/v1/projects/destinochile-dbfde:testIamPermissions {"permissions":["cloudfunctions.functions.create","cloudfunctions.functions.delete","cloudfunctions.functions.get","cloudfunctions.functions.list","cloudfunctions.functions.update","cloudfunctions.operations.get","firebase.projects.get"]}
[debug] [2025-05-10T05:06:37.432Z] Checked if tokens are valid: true, expires at: 1746856189907
[debug] [2025-05-10T05:06:37.432Z] Checked if tokens are valid: true, expires at: 1746856189907
[debug] [2025-05-10T05:06:37.432Z] >>> [apiv2][query] POST https://iam.googleapis.com/v1/projects/destinochile-dbfde/serviceAccounts/destinochile-dbfde@appspot.gserviceaccount.com:testIamPermissions [none]
[debug] [2025-05-10T05:06:37.432Z] >>> [apiv2][body] POST https://iam.googleapis.com/v1/projects/destinochile-dbfde/serviceAccounts/destinochile-dbfde@appspot.gserviceaccount.com:testIamPermissions {"permissions":["iam.serviceAccounts.actAs"]}
[debug] [2025-05-10T05:06:38.291Z] <<< [apiv2][status] POST https://iam.googleapis.com/v1/projects/destinochile-dbfde/serviceAccounts/destinochile-dbfde@appspot.gserviceaccount.com:testIamPermissions 200
[debug] [2025-05-10T05:06:38.291Z] <<< [apiv2][body] POST https://iam.googleapis.com/v1/projects/destinochile-dbfde/serviceAccounts/destinochile-dbfde@appspot.gserviceaccount.com:testIamPermissions {"permissions":["iam.serviceAccounts.actAs"]}
[info] 
[info] === Deploying to 'destinochile-dbfde'...
[info] 
[info] i  deploying functions 
[info] Running command: npm --prefix "$RESOURCE_DIR" run build
[info] +  functions: Finished running predeploy script. 
[debug] [2025-05-10T05:06:47.576Z] Checked if tokens are valid: true, expires at: 1746856189907
[debug] [2025-05-10T05:06:47.577Z] Checked if tokens are valid: true, expires at: 1746856189907
[debug] [2025-05-10T05:06:47.578Z] >>> [apiv2][query] GET https://serviceusage.googleapis.com/v1/projects/destinochile-dbfde/services/cloudresourcemanager.googleapis.com [none]
[debug] [2025-05-10T05:06:47.578Z] >>> [apiv2][(partial)header] GET https://serviceusage.googleapis.com/v1/projects/destinochile-dbfde/services/cloudresourcemanager.googleapis.com x-goog-quota-user=projects/destinochile-dbfde
[debug] [2025-05-10T05:06:48.674Z] <<< [apiv2][status] GET https://serviceusage.googleapis.com/v1/projects/destinochile-dbfde/services/cloudresourcemanager.googleapis.com 200
[debug] [2025-05-10T05:06:48.674Z] <<< [apiv2][body] GET https://serviceusage.googleapis.com/v1/projects/destinochile-dbfde/services/cloudresourcemanager.googleapis.com [omitted]
[debug] [2025-05-10T05:06:48.674Z] Checked if tokens are valid: true, expires at: 1746856189907
[debug] [2025-05-10T05:06:48.675Z] Checked if tokens are valid: true, expires at: 1746856189907
[debug] [2025-05-10T05:06:48.675Z] >>> [apiv2][query] GET https://cloudresourcemanager.googleapis.com/v1/projects/destinochile-dbfde [none]
[debug] [2025-05-10T05:06:49.584Z] <<< [apiv2][status] GET https://cloudresourcemanager.googleapis.com/v1/projects/destinochile-dbfde 200
[debug] [2025-05-10T05:06:49.584Z] <<< [apiv2][body] GET https://cloudresourcemanager.googleapis.com/v1/projects/destinochile-dbfde {"projectNumber":"83702826384","projectId":"destinochile-dbfde","lifecycleState":"ACTIVE","name":"DestinoChile","labels":{"firebase":"enabled","firebase-core":"disabled"},"createTime":"2024-12-21T18:40:11.611615Z"}
[info] i  functions: preparing codebase default for deployment 
[info] i  functions: ensuring required API cloudfunctions.googleapis.com is enabled... 
[debug] [2025-05-10T05:06:49.585Z] Checked if tokens are valid: true, expires at: 1746856189907
[debug] [2025-05-10T05:06:49.585Z] Checked if tokens are valid: true, expires at: 1746856189907
[debug] [2025-05-10T05:06:49.585Z] Checked if tokens are valid: true, expires at: 1746856189907
[debug] [2025-05-10T05:06:49.585Z] Checked if tokens are valid: true, expires at: 1746856189907
[info] i  functions: ensuring required API cloudbuild.googleapis.com is enabled... 
[debug] [2025-05-10T05:06:49.586Z] Checked if tokens are valid: true, expires at: 1746856189907
[debug] [2025-05-10T05:06:49.586Z] Checked if tokens are valid: true, expires at: 1746856189907
[info] i  artifactregistry: ensuring required API artifactregistry.googleapis.com is enabled... 
[debug] [2025-05-10T05:06:49.587Z] Checked if tokens are valid: true, expires at: 1746856189907
[debug] [2025-05-10T05:06:49.587Z] Checked if tokens are valid: true, expires at: 1746856189907
[debug] [2025-05-10T05:06:49.587Z] >>> [apiv2][query] GET https://serviceusage.googleapis.com/v1/projects/destinochile-dbfde/services/cloudfunctions.googleapis.com [none]
[debug] [2025-05-10T05:06:49.587Z] >>> [apiv2][(partial)header] GET https://serviceusage.googleapis.com/v1/projects/destinochile-dbfde/services/cloudfunctions.googleapis.com x-goog-quota-user=projects/destinochile-dbfde
[debug] [2025-05-10T05:06:49.588Z] >>> [apiv2][query] GET https://serviceusage.googleapis.com/v1/projects/destinochile-dbfde/services/runtimeconfig.googleapis.com [none]
[debug] [2025-05-10T05:06:49.588Z] >>> [apiv2][(partial)header] GET https://serviceusage.googleapis.com/v1/projects/destinochile-dbfde/services/runtimeconfig.googleapis.com x-goog-quota-user=projects/destinochile-dbfde
[debug] [2025-05-10T05:06:49.590Z] >>> [apiv2][query] GET https://serviceusage.googleapis.com/v1/projects/destinochile-dbfde/services/cloudbuild.googleapis.com [none]
[debug] [2025-05-10T05:06:49.590Z] >>> [apiv2][(partial)header] GET https://serviceusage.googleapis.com/v1/projects/destinochile-dbfde/services/cloudbuild.googleapis.com x-goog-quota-user=projects/destinochile-dbfde
[debug] [2025-05-10T05:06:49.593Z] >>> [apiv2][query] GET https://serviceusage.googleapis.com/v1/projects/destinochile-dbfde/services/artifactregistry.googleapis.com [none]
[debug] [2025-05-10T05:06:49.593Z] >>> [apiv2][(partial)header] GET https://serviceusage.googleapis.com/v1/projects/destinochile-dbfde/services/artifactregistry.googleapis.com x-goog-quota-user=projects/destinochile-dbfde
[debug] [2025-05-10T05:06:50.621Z] <<< [apiv2][status] GET https://serviceusage.googleapis.com/v1/projects/destinochile-dbfde/services/runtimeconfig.googleapis.com 200
[debug] [2025-05-10T05:06:50.621Z] <<< [apiv2][body] GET https://serviceusage.googleapis.com/v1/projects/destinochile-dbfde/services/runtimeconfig.googleapis.com [omitted]
[debug] [2025-05-10T05:06:50.625Z] <<< [apiv2][status] GET https://serviceusage.googleapis.com/v1/projects/destinochile-dbfde/services/artifactregistry.googleapis.com 200
[debug] [2025-05-10T05:06:50.625Z] <<< [apiv2][body] GET https://serviceusage.googleapis.com/v1/projects/destinochile-dbfde/services/artifactregistry.googleapis.com [omitted]
[info] +  artifactregistry: required API artifactregistry.googleapis.com is enabled 
[debug] [2025-05-10T05:06:50.630Z] <<< [apiv2][status] GET https://serviceusage.googleapis.com/v1/projects/destinochile-dbfde/services/cloudbuild.googleapis.com 200
[debug] [2025-05-10T05:06:50.630Z] <<< [apiv2][body] GET https://serviceusage.googleapis.com/v1/projects/destinochile-dbfde/services/cloudbuild.googleapis.com [omitted]
[info] +  functions: required API cloudbuild.googleapis.com is enabled 
[debug] [2025-05-10T05:06:50.640Z] <<< [apiv2][status] GET https://serviceusage.googleapis.com/v1/projects/destinochile-dbfde/services/cloudfunctions.googleapis.com 200
[debug] [2025-05-10T05:06:50.640Z] <<< [apiv2][body] GET https://serviceusage.googleapis.com/v1/projects/destinochile-dbfde/services/cloudfunctions.googleapis.com [omitted]
[info] +  functions: required API cloudfunctions.googleapis.com is enabled 
[debug] [2025-05-10T05:06:50.640Z] Checked if tokens are valid: true, expires at: 1746856189907
[debug] [2025-05-10T05:06:50.640Z] Checked if tokens are valid: true, expires at: 1746856189907
[debug] [2025-05-10T05:06:50.640Z] >>> [apiv2][query] GET https://firebase.googleapis.com/v1beta1/projects/destinochile-dbfde/adminSdkConfig [none]
[debug] [2025-05-10T05:06:51.079Z] <<< [apiv2][status] GET https://firebase.googleapis.com/v1beta1/projects/destinochile-dbfde/adminSdkConfig 200
[debug] [2025-05-10T05:06:51.079Z] <<< [apiv2][body] GET https://firebase.googleapis.com/v1beta1/projects/destinochile-dbfde/adminSdkConfig {"projectId":"destinochile-dbfde","databaseURL":"https://destinochile-dbfde-default-rtdb.firebaseio.com","storageBucket":"destinochile-dbfde.firebasestorage.app"}
[debug] [2025-05-10T05:06:51.080Z] Checked if tokens are valid: true, expires at: 1746856189907
[debug] [2025-05-10T05:06:51.080Z] Checked if tokens are valid: true, expires at: 1746856189907
[debug] [2025-05-10T05:06:51.080Z] >>> [apiv2][query] GET https://runtimeconfig.googleapis.com/v1beta1/projects/destinochile-dbfde/configs [none]
[debug] [2025-05-10T05:06:51.316Z] <<< [apiv2][status] GET https://runtimeconfig.googleapis.com/v1beta1/projects/destinochile-dbfde/configs 200
[debug] [2025-05-10T05:06:51.316Z] <<< [apiv2][body] GET https://runtimeconfig.googleapis.com/v1beta1/projects/destinochile-dbfde/configs {"configs":[{"name":"projects/destinochile-dbfde/configs/correo"},{"name":"projects/destinochile-dbfde/configs/gmail"},{"name":"projects/destinochile-dbfde/configs/sendgrid"}]}
[debug] [2025-05-10T05:06:51.317Z] Checked if tokens are valid: true, expires at: 1746856189907
[debug] [2025-05-10T05:06:51.317Z] Checked if tokens are valid: true, expires at: 1746856189907
[debug] [2025-05-10T05:06:51.317Z] Checked if tokens are valid: true, expires at: 1746856189907
[debug] [2025-05-10T05:06:51.317Z] Checked if tokens are valid: true, expires at: 1746856189907
[debug] [2025-05-10T05:06:51.317Z] Checked if tokens are valid: true, expires at: 1746856189907
[debug] [2025-05-10T05:06:51.317Z] Checked if tokens are valid: true, expires at: 1746856189907
[debug] [2025-05-10T05:06:51.317Z] >>> [apiv2][query] GET https://runtimeconfig.googleapis.com/v1beta1/projects/destinochile-dbfde/configs/correo/variables [none]
[debug] [2025-05-10T05:06:51.317Z] >>> [apiv2][query] GET https://runtimeconfig.googleapis.com/v1beta1/projects/destinochile-dbfde/configs/gmail/variables [none]
[debug] [2025-05-10T05:06:51.319Z] >>> [apiv2][query] GET https://runtimeconfig.googleapis.com/v1beta1/projects/destinochile-dbfde/configs/sendgrid/variables [none]
[debug] [2025-05-10T05:06:51.555Z] <<< [apiv2][status] GET https://runtimeconfig.googleapis.com/v1beta1/projects/destinochile-dbfde/configs/sendgrid/variables 200
[debug] [2025-05-10T05:06:51.555Z] <<< [apiv2][body] GET https://runtimeconfig.googleapis.com/v1beta1/projects/destinochile-dbfde/configs/sendgrid/variables {"variables":[{"name":"projects/destinochile-dbfde/configs/sendgrid/variables/api_key","updateTime":"2025-05-09T17:34:22.377200241Z"}]}
[debug] [2025-05-10T05:06:51.555Z] Checked if tokens are valid: true, expires at: 1746856189907
[debug] [2025-05-10T05:06:51.555Z] Checked if tokens are valid: true, expires at: 1746856189907
[debug] [2025-05-10T05:06:51.555Z] >>> [apiv2][query] GET https://runtimeconfig.googleapis.com/v1beta1/projects/destinochile-dbfde/configs/sendgrid/variables/api_key [none]
[debug] [2025-05-10T05:06:52.200Z] <<< [apiv2][status] GET https://runtimeconfig.googleapis.com/v1beta1/projects/destinochile-dbfde/configs/correo/variables 200
[debug] [2025-05-10T05:06:52.200Z] <<< [apiv2][body] GET https://runtimeconfig.googleapis.com/v1beta1/projects/destinochile-dbfde/configs/correo/variables {"variables":[{"name":"projects/destinochile-dbfde/configs/correo/variables/clave","updateTime":"2025-05-10T04:54:22.578104080Z"},{"name":"projects/destinochile-dbfde/configs/correo/variables/usuario","updateTime":"2025-05-10T04:54:22.496090765Z"}]}
[debug] [2025-05-10T05:06:52.200Z] Checked if tokens are valid: true, expires at: 1746856189907
[debug] [2025-05-10T05:06:52.200Z] Checked if tokens are valid: true, expires at: 1746856189907
[debug] [2025-05-10T05:06:52.200Z] Checked if tokens are valid: true, expires at: 1746856189907
[debug] [2025-05-10T05:06:52.200Z] Checked if tokens are valid: true, expires at: 1746856189907
[debug] [2025-05-10T05:06:52.200Z] >>> [apiv2][query] GET https://runtimeconfig.googleapis.com/v1beta1/projects/destinochile-dbfde/configs/correo/variables/clave [none]
[debug] [2025-05-10T05:06:52.201Z] >>> [apiv2][query] GET https://runtimeconfig.googleapis.com/v1beta1/projects/destinochile-dbfde/configs/correo/variables/usuario [none]
[debug] [2025-05-10T05:06:52.205Z] <<< [apiv2][status] GET https://runtimeconfig.googleapis.com/v1beta1/projects/destinochile-dbfde/configs/gmail/variables 200
[debug] [2025-05-10T05:06:52.205Z] <<< [apiv2][body] GET https://runtimeconfig.googleapis.com/v1beta1/projects/destinochile-dbfde/configs/gmail/variables {}
[debug] [2025-05-10T05:06:52.429Z] <<< [apiv2][status] GET https://runtimeconfig.googleapis.com/v1beta1/projects/destinochile-dbfde/configs/sendgrid/variables/api_key 200
[debug] [2025-05-10T05:06:52.429Z] <<< [apiv2][body] GET https://runtimeconfig.googleapis.com/v1beta1/projects/destinochile-dbfde/configs/sendgrid/variables/api_key {"name":"projects/destinochile-dbfde/configs/sendgrid/variables/api_key","updateTime":"2025-05-09T17:34:22.377200241Z","text":"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"}
[debug] [2025-05-10T05:06:52.437Z] <<< [apiv2][status] GET https://runtimeconfig.googleapis.com/v1beta1/projects/destinochile-dbfde/configs/correo/variables/usuario 200
[debug] [2025-05-10T05:06:52.437Z] <<< [apiv2][body] GET https://runtimeconfig.googleapis.com/v1beta1/projects/destinochile-dbfde/configs/correo/variables/usuario {"name":"projects/destinochile-dbfde/configs/correo/variables/usuario","updateTime":"2025-05-10T04:54:22.496090765Z","text":"sigtur@destinochile.cl"}
[debug] [2025-05-10T05:06:53.061Z] <<< [apiv2][status] GET https://runtimeconfig.googleapis.com/v1beta1/projects/destinochile-dbfde/configs/correo/variables/clave 200
[debug] [2025-05-10T05:06:53.063Z] <<< [apiv2][body] GET https://runtimeconfig.googleapis.com/v1beta1/projects/destinochile-dbfde/configs/correo/variables/clave {"name":"projects/destinochile-dbfde/configs/correo/variables/clave","updateTime":"2025-05-10T04:54:22.578104080Z","text":"x8hVgSh7GyX"}
[debug] [2025-05-10T05:06:53.068Z] Validating nodejs source
[debug] [2025-05-10T05:06:54.628Z] > [functions] package.json contents: {
  "name": "functions",
  "scripts": {
    "build": "tsc",
    "build:watch": "tsc --watch",
    "serve": "npm run build && firebase emulators:start --only functions",
    "shell": "npm run build && firebase functions:shell",
    "start": "npm run shell",
    "deploy": "firebase deploy --only functions",
    "logs": "firebase functions:log"
  },
  "engines": {
    "node": "22"
  },
  "main": "lib/index.js",
  "dependencies": {
    "@sendgrid/mail": "^7.7.0",
    "cors": "^2.8.5",
    "dotenv": "^16.5.0",
    "firebase-admin": "^12.6.0",
    "firebase-functions": "^6.3.2",
    "nodemailer": "^7.0.3",
    "resend": "^4.5.1"
  },
  "devDependencies": {
    "@types/nodemailer": "^6.4.17",
    "@types/react": "^19.1.3",
    "firebase-functions-test": "^3.1.0",
    "typescript": "^5.0.0"
  },
  "private": true
}
[debug] [2025-05-10T05:06:54.628Z] Building nodejs source
[info] i  functions: Loading and analyzing source code for codebase default to determine what to deploy 
[debug] [2025-05-10T05:06:54.630Z] Could not find functions.yaml. Must use http discovery
[debug] [2025-05-10T05:06:54.644Z] Found firebase-functions binary at 'D:\destinochile\destinoULTIMO\functions\node_modules\.bin\firebase-functions'
[info] Serving at port 8812

[debug] [2025-05-10T05:06:55.405Z] Got response from /__/functions.yaml {"endpoints":{"enviarCorreo":{"platform":"gcfv1","labels":{},"availableMemoryMb":null,"timeoutSeconds":null,"minInstances":null,"maxInstances":null,"ingressSettings":null,"serviceAccountEmail":null,"vpc":null,"callableTrigger":{},"entryPoint":"enviarCorreo"}},"specVersion":"v1alpha1","requiredAPIs":[],"extensions":{}}
[info] i  extensions: ensuring required API firebaseextensions.googleapis.com is enabled... 
[debug] [2025-05-10T05:06:59.451Z] Checked if tokens are valid: true, expires at: 1746856189907
[debug] [2025-05-10T05:06:59.451Z] Checked if tokens are valid: true, expires at: 1746856189907
[debug] [2025-05-10T05:06:59.451Z] >>> [apiv2][query] GET https://serviceusage.googleapis.com/v1/projects/destinochile-dbfde/services/firebaseextensions.googleapis.com [none]
[debug] [2025-05-10T05:06:59.451Z] >>> [apiv2][(partial)header] GET https://serviceusage.googleapis.com/v1/projects/destinochile-dbfde/services/firebaseextensions.googleapis.com x-goog-quota-user=projects/destinochile-dbfde
[debug] [2025-05-10T05:07:00.519Z] <<< [apiv2][status] GET https://serviceusage.googleapis.com/v1/projects/destinochile-dbfde/services/firebaseextensions.googleapis.com 200
[debug] [2025-05-10T05:07:00.520Z] <<< [apiv2][body] GET https://serviceusage.googleapis.com/v1/projects/destinochile-dbfde/services/firebaseextensions.googleapis.com [omitted]
[info] +  extensions: required API firebaseextensions.googleapis.com is enabled 
[debug] [2025-05-10T05:07:00.520Z] > command requires scopes: ["email","openid","https://www.googleapis.com/auth/cloudplatformprojects.readonly","https://www.googleapis.com/auth/firebase","https://www.googleapis.com/auth/cloud-platform"]
[debug] [2025-05-10T05:07:00.520Z] > authorizing via signed-in user (cokeastorgac@gmail.com)
[debug] [2025-05-10T05:07:00.520Z] [iam] checking project destinochile-dbfde for permissions ["firebase.projects.get","firebaseextensions.instances.list"]
[debug] [2025-05-10T05:07:00.520Z] Checked if tokens are valid: true, expires at: 1746856189907
[debug] [2025-05-10T05:07:00.520Z] Checked if tokens are valid: true, expires at: 1746856189907
[debug] [2025-05-10T05:07:00.521Z] >>> [apiv2][query] POST https://cloudresourcemanager.googleapis.com/v1/projects/destinochile-dbfde:testIamPermissions [none]
[debug] [2025-05-10T05:07:00.521Z] >>> [apiv2][(partial)header] POST https://cloudresourcemanager.googleapis.com/v1/projects/destinochile-dbfde:testIamPermissions x-goog-quota-user=projects/destinochile-dbfde
[debug] [2025-05-10T05:07:00.521Z] >>> [apiv2][body] POST https://cloudresourcemanager.googleapis.com/v1/projects/destinochile-dbfde:testIamPermissions {"permissions":["firebase.projects.get","firebaseextensions.instances.list"]}
[debug] [2025-05-10T05:07:01.374Z] <<< [apiv2][status] POST https://cloudresourcemanager.googleapis.com/v1/projects/destinochile-dbfde:testIamPermissions 200
[debug] [2025-05-10T05:07:01.375Z] <<< [apiv2][body] POST https://cloudresourcemanager.googleapis.com/v1/projects/destinochile-dbfde:testIamPermissions {"permissions":["firebase.projects.get","firebaseextensions.instances.list"]}
[debug] [2025-05-10T05:07:01.376Z] Checked if tokens are valid: true, expires at: 1746856189907
[debug] [2025-05-10T05:07:01.376Z] Checked if tokens are valid: true, expires at: 1746856189907
[debug] [2025-05-10T05:07:01.377Z] >>> [apiv2][query] GET https://firebaseextensions.googleapis.com/v1beta/projects/destinochile-dbfde/instances pageSize=100&pageToken=
[debug] [2025-05-10T05:07:02.300Z] <<< [apiv2][status] GET https://firebaseextensions.googleapis.com/v1beta/projects/destinochile-dbfde/instances 200
[debug] [2025-05-10T05:07:02.301Z] <<< [apiv2][body] GET https://firebaseextensions.googleapis.com/v1beta/projects/destinochile-dbfde/instances {}
[info] i  functions: preparing functions directory for uploading... 
[info] i  functions: packaged D:\destinochile\destinoULTIMO\functions (69.17 KB) for uploading 
[debug] [2025-05-10T05:07:02.365Z] Checked if tokens are valid: true, expires at: 1746856189907
[debug] [2025-05-10T05:07:02.365Z] Checked if tokens are valid: true, expires at: 1746856189907
[debug] [2025-05-10T05:07:02.365Z] >>> [apiv2][query] GET https://cloudfunctions.googleapis.com/v1/projects/destinochile-dbfde/locations/-/functions [none]
[debug] [2025-05-10T05:07:03.232Z] <<< [apiv2][status] GET https://cloudfunctions.googleapis.com/v1/projects/destinochile-dbfde/locations/-/functions 200
[debug] [2025-05-10T05:07:03.232Z] <<< [apiv2][body] GET https://cloudfunctions.googleapis.com/v1/projects/destinochile-dbfde/locations/-/functions {}
[debug] [2025-05-10T05:07:03.232Z] Checked if tokens are valid: true, expires at: 1746856189907
[debug] [2025-05-10T05:07:03.232Z] Checked if tokens are valid: true, expires at: 1746856189907
[debug] [2025-05-10T05:07:03.232Z] >>> [apiv2][query] GET https://cloudfunctions.googleapis.com/v2/projects/destinochile-dbfde/locations/-/functions filter=environment%3D%22GEN_2%22
[debug] [2025-05-10T05:07:04.427Z] <<< [apiv2][status] GET https://cloudfunctions.googleapis.com/v2/projects/destinochile-dbfde/locations/-/functions 200
[debug] [2025-05-10T05:07:04.427Z] <<< [apiv2][body] GET https://cloudfunctions.googleapis.com/v2/projects/destinochile-dbfde/locations/-/functions {"functions":[{"name":"projects/destinochile-dbfde/locations/us-central1/functions/enviarCorreoCotizacion","buildConfig":{"build":"projects/83702826384/locations/us-central1/builds/837b88ca-219d-446f-8588-e9b6de8b1120","runtime":"nodejs22","entryPoint":"enviarCorreoCotizacion","source":{"storageSource":{"bucket":"gcf-v2-sources-83702826384-us-central1","object":"enviarCorreoCotizacion/function-source.zip","generation":"1746816471837690"}},"environmentVariables":{"GOOGLE_NODE_RUN_SCRIPTS":""},"dockerRepository":"projects/destinochile-dbfde/locations/us-central1/repositories/gcf-artifacts","sourceProvenance":{"resolvedStorageSource":{"bucket":"gcf-v2-sources-83702826384-us-central1","object":"enviarCorreoCotizacion/function-source.zip","generation":"1746816471837690"}},"dockerRegistry":"ARTIFACT_REGISTRY","serviceAccount":"projects/destinochile-dbfde/serviceAccounts/83702826384-compute@developer.gserviceaccount.com","automaticUpdatePolicy":{}},"state":"FAILED","updateTime":"2025-05-09T18:51:55.230634531Z","labels":{"deployment-tool":"cli-firebase","deployment-callable":"true","firebase-functions-hash":"993c94381f7c574db671074b34588c38f49388a3"},"stateMessages":[{"severity":"ERROR","type":"CloudRunServiceNotFound","message":"Cloud Run service projects/destinochile-dbfde/locations/us-central1/services/enviarcorreocotizacion for the function was not found. The function will not work correctly. Please redeploy."}],"environment":"GEN_2","url":"https://us-central1-destinochile-dbfde.cloudfunctions.net/enviarCorreoCotizacion","createTime":"2025-05-09T18:47:52.085482918Z","satisfiesPzi":true},{"name":"projects/destinochile-dbfde/locations/us-central1/functions/enviarCorreosCotizacion","buildConfig":{"build":"projects/83702826384/locations/us-central1/builds/9680dae2-5db9-492f-a8f4-f5d48b60ff31","runtime":"nodejs22","entryPoint":"enviarCorreosCotizacion","source":{"storageSource":{"bucket":"gcf-v2-sources-83702826384-us-central1","object":"enviarCorreosCotizacion/function-source.zip","generation":"1737440024848617"}},"environmentVariables":{"GOOGLE_NODE_RUN_SCRIPTS":""},"dockerRepository":"projects/destinochile-dbfde/locations/us-central1/repositories/gcf-artifacts","sourceProvenance":{"resolvedStorageSource":{"bucket":"gcf-v2-sources-83702826384-us-central1","object":"enviarCorreosCotizacion/function-source.zip","generation":"1737440024848617"}},"dockerRegistry":"ARTIFACT_REGISTRY","serviceAccount":"projects/destinochile-dbfde/serviceAccounts/83702826384-compute@developer.gserviceaccount.com","automaticUpdatePolicy":{}},"state":"FAILED","updateTime":"2025-01-21T06:14:55.583921738Z","labels":{"deployment-tool":"cli-firebase","firebase-functions-hash":"b62b4d4dabf7e930aa64229eefe4dadd2965f17c"},"stateMessages":[{"severity":"ERROR","type":"CloudRunServiceNotFound","message":"Cloud Run service projects/destinochile-dbfde/locations/us-central1/services/enviarcorreoscotizacion for the function was not found. The function will not work correctly. Please redeploy."},{"severity":"ERROR","type":"EventarcTriggerNotFound","message":"Eventarc trigger projects/destinochile-dbfde/locations/nam5/triggers/enviarcorreoscotizacion-259378 for the function was not found. The function may not work correctly. Please redeploy."}],"environment":"GEN_2","url":"https://us-central1-destinochile-dbfde.cloudfunctions.net/enviarCorreosCotizacion","createTime":"2025-01-21T06:13:45.864069701Z","satisfiesPzi":true},{"name":"projects/destinochile-dbfde/locations/us-central1/functions/enviarCorreoCotizacionSendGrid","buildConfig":{"build":"projects/83702826384/locations/us-central1/builds/c8d90907-1174-4a65-a209-ad34c9a7985f","runtime":"nodejs22","entryPoint":"enviarCorreoCotizacionSendGrid","source":{"storageSource":{"bucket":"gcf-v2-sources-83702826384-us-central1","object":"enviarCorreoCotizacionSendGrid/function-source.zip","generation":"1746816083287691"}},"environmentVariables":{"GOOGLE_NODE_RUN_SCRIPTS":""},"dockerRepository":"projects/destinochile-dbfde/locations/us-central1/repositories/gcf-artifacts","sourceProvenance":{"resolvedStorageSource":{"bucket":"gcf-v2-sources-83702826384-us-central1","object":"enviarCorreoCotizacionSendGrid/function-source.zip","generation":"1746816083287691"}},"dockerRegistry":"ARTIFACT_REGISTRY","serviceAccount":"projects/destinochile-dbfde/serviceAccounts/83702826384-compute@developer.gserviceaccount.com","automaticUpdatePolicy":{}},"state":"FAILED","updateTime":"2025-05-09T18:42:33.612816127Z","labels":{"deployment-tool":"cli-firebase","deployment-callable":"true","firebase-functions-hash":"d09b28f0ea98dba964f906f2eba1afc060d19dab"},"stateMessages":[{"severity":"ERROR","type":"CloudRunServiceNotFound","message":"Cloud Run service projects/destinochile-dbfde/locations/us-central1/services/enviarcorreocotizacionsendgrid for the function was not found. The function will not work correctly. Please redeploy."}],"environment":"GEN_2","url":"https://us-central1-destinochile-dbfde.cloudfunctions.net/enviarCorreoCotizacionSendGrid","createTime":"2025-05-09T18:41:23.545714883Z","satisfiesPzi":true}]}
[debug] [2025-05-10T05:07:04.432Z] Checked if tokens are valid: true, expires at: 1746856189907
[debug] [2025-05-10T05:07:04.432Z] Checked if tokens are valid: true, expires at: 1746856189907
[debug] [2025-05-10T05:07:04.432Z] >>> [apiv2][query] GET https://serviceusage.googleapis.com/v1/projects/destinochile-dbfde/services/cloudresourcemanager.googleapis.com [none]
[debug] [2025-05-10T05:07:04.432Z] >>> [apiv2][(partial)header] GET https://serviceusage.googleapis.com/v1/projects/destinochile-dbfde/services/cloudresourcemanager.googleapis.com x-goog-quota-user=projects/destinochile-dbfde
[debug] [2025-05-10T05:07:05.463Z] <<< [apiv2][status] GET https://serviceusage.googleapis.com/v1/projects/destinochile-dbfde/services/cloudresourcemanager.googleapis.com 200
[debug] [2025-05-10T05:07:05.464Z] <<< [apiv2][body] GET https://serviceusage.googleapis.com/v1/projects/destinochile-dbfde/services/cloudresourcemanager.googleapis.com [omitted]
[debug] [2025-05-10T05:07:05.464Z] Checked if tokens are valid: true, expires at: 1746856189907
[debug] [2025-05-10T05:07:05.464Z] Checked if tokens are valid: true, expires at: 1746856189907
[debug] [2025-05-10T05:07:05.464Z] >>> [apiv2][query] GET https://cloudresourcemanager.googleapis.com/v1/projects/destinochile-dbfde [none]
[debug] [2025-05-10T05:07:05.680Z] <<< [apiv2][status] GET https://cloudresourcemanager.googleapis.com/v1/projects/destinochile-dbfde 200
[debug] [2025-05-10T05:07:05.680Z] <<< [apiv2][body] GET https://cloudresourcemanager.googleapis.com/v1/projects/destinochile-dbfde {"projectNumber":"83702826384","projectId":"destinochile-dbfde","lifecycleState":"ACTIVE","name":"DestinoChile","labels":{"firebase":"enabled","firebase-core":"disabled"},"createTime":"2024-12-21T18:40:11.611615Z"}
[debug] [2025-05-10T05:07:05.681Z] Checked if tokens are valid: true, expires at: 1746856189907
[debug] [2025-05-10T05:07:05.681Z] Checked if tokens are valid: true, expires at: 1746856189907
[debug] [2025-05-10T05:07:05.681Z] >>> [apiv2][query] GET https://cloudbilling.googleapis.com/v1/projects/destinochile-dbfde/billingInfo [none]
[debug] [2025-05-10T05:07:06.668Z] <<< [apiv2][status] GET https://cloudbilling.googleapis.com/v1/projects/destinochile-dbfde/billingInfo 200
[debug] [2025-05-10T05:07:06.668Z] <<< [apiv2][body] GET https://cloudbilling.googleapis.com/v1/projects/destinochile-dbfde/billingInfo {"name":"projects/destinochile-dbfde/billingInfo","projectId":"destinochile-dbfde","billingAccountName":"billingAccounts/018E32-74DEB5-2737D3","billingEnabled":true}
[debug] [2025-05-10T05:07:06.669Z] Checked if tokens are valid: true, expires at: 1746856189907
[debug] [2025-05-10T05:07:06.669Z] Checked if tokens are valid: true, expires at: 1746856189907
[debug] [2025-05-10T05:07:06.669Z] >>> [apiv2][query] POST https://cloudfunctions.googleapis.com/v1/projects/destinochile-dbfde/locations/us-central1/functions:generateUploadUrl [none]
[debug] [2025-05-10T05:07:06.669Z] >>> [apiv2][body] POST https://cloudfunctions.googleapis.com/v1/projects/destinochile-dbfde/locations/us-central1/functions:generateUploadUrl {}
[debug] [2025-05-10T05:07:07.994Z] <<< [apiv2][status] POST https://cloudfunctions.googleapis.com/v1/projects/destinochile-dbfde/locations/us-central1/functions:generateUploadUrl 200
[debug] [2025-05-10T05:07:07.994Z] <<< [apiv2][body] POST https://cloudfunctions.googleapis.com/v1/projects/destinochile-dbfde/locations/us-central1/functions:generateUploadUrl {"uploadUrl":"https://storage.googleapis.com/uploads-545166521664.us-central1.cloudfunctions.appspot.com/428d1d80-30d7-4958-aaf4-088cf3fe9caa.zip?GoogleAccessId=service-83702826384@gcf-admin-robot.iam.gserviceaccount.com&Expires=1746855427&Signature=s%2BnsQgzSLQBvCMVKxaCexrxQk8vZou%2FrkPKCbVf10zLuE8G%2FWRhh8FLBjIlGVN7AHx5SnUVpjjvz2E9YyEJis6HFwXG3AqtfvkS15%2Bn6RtW7IhBzK1FGOBJXjWzEjocfN4D0RqhCyb4EuqVkdg9xxRYXUYsrE3GxUmuNuf%2Fq6Dta18aVEsNCDJmPDnoDk144X6IxxDcbaW1LZDNdNHJqrhiOzchUJFncdtkh0y61p8OKd%2BccD1O2ZBA%2BZbR58H2%2FV87dyI%2F3jnp%2B9lzCi69D5BvTMmir%2FXjNxHWLVUtmCn%2BU6e9Jlb%2BW9CqFMzFq3MXis6MUJoBKuqmSFCFncctnyQ%3D%3D"}
[debug] [2025-05-10T05:07:07.995Z] >>> [apiv2][query] PUT https://storage.googleapis.com/uploads-545166521664.us-central1.cloudfunctions.appspot.com/428d1d80-30d7-4958-aaf4-088cf3fe9caa.zip GoogleAccessId=service-83702826384%40gcf-admin-robot.iam.gserviceaccount.com&Expires=1746855427&Signature=s%2BnsQgzSLQBvCMVKxaCexrxQk8vZou%2FrkPKCbVf10zLuE8G%2FWRhh8FLBjIlGVN7AHx5SnUVpjjvz2E9YyEJis6HFwXG3AqtfvkS15%2Bn6RtW7IhBzK1FGOBJXjWzEjocfN4D0RqhCyb4EuqVkdg9xxRYXUYsrE3GxUmuNuf%2Fq6Dta18aVEsNCDJmPDnoDk144X6IxxDcbaW1LZDNdNHJqrhiOzchUJFncdtkh0y61p8OKd%2BccD1O2ZBA%2BZbR58H2%2FV87dyI%2F3jnp%2B9lzCi69D5BvTMmir%2FXjNxHWLVUtmCn%2BU6e9Jlb%2BW9CqFMzFq3MXis6MUJoBKuqmSFCFncctnyQ%3D%3D
[debug] [2025-05-10T05:07:07.995Z] >>> [apiv2][body] PUT https://storage.googleapis.com/uploads-545166521664.us-central1.cloudfunctions.appspot.com/428d1d80-30d7-4958-aaf4-088cf3fe9caa.zip [stream]
[debug] [2025-05-10T05:07:09.193Z] <<< [apiv2][status] PUT https://storage.googleapis.com/uploads-545166521664.us-central1.cloudfunctions.appspot.com/428d1d80-30d7-4958-aaf4-088cf3fe9caa.zip 200
[debug] [2025-05-10T05:07:09.193Z] <<< [apiv2][body] PUT https://storage.googleapis.com/uploads-545166521664.us-central1.cloudfunctions.appspot.com/428d1d80-30d7-4958-aaf4-088cf3fe9caa.zip [omitted]
[info] +  functions: functions folder uploaded successfully 
[info] i  functions: creating Node.js 22 (1st Gen) function enviarCorreo(us-central1)... 
[debug] [2025-05-10T05:07:09.199Z] Checked if tokens are valid: true, expires at: 1746856189907
[debug] [2025-05-10T05:07:09.200Z] Checked if tokens are valid: true, expires at: 1746856189907
[debug] [2025-05-10T05:07:09.200Z] >>> [apiv2][query] POST https://cloudfunctions.googleapis.com/v1/projects/destinochile-dbfde/locations/us-central1/functions [none]
[debug] [2025-05-10T05:07:09.200Z] >>> [apiv2][body] POST https://cloudfunctions.googleapis.com/v1/projects/destinochile-dbfde/locations/us-central1/functions {"name":"projects/destinochile-dbfde/locations/us-central1/functions/enviarCorreo","sourceUploadUrl":"https://storage.googleapis.com/uploads-545166521664.us-central1.cloudfunctions.appspot.com/428d1d80-30d7-4958-aaf4-088cf3fe9caa.zip?GoogleAccessId=service-83702826384@gcf-admin-robot.iam.gserviceaccount.com&Expires=1746855427&Signature=s%2BnsQgzSLQBvCMVKxaCexrxQk8vZou%2FrkPKCbVf10zLuE8G%2FWRhh8FLBjIlGVN7AHx5SnUVpjjvz2E9YyEJis6HFwXG3AqtfvkS15%2Bn6RtW7IhBzK1FGOBJXjWzEjocfN4D0RqhCyb4EuqVkdg9xxRYXUYsrE3GxUmuNuf%2Fq6Dta18aVEsNCDJmPDnoDk144X6IxxDcbaW1LZDNdNHJqrhiOzchUJFncdtkh0y61p8OKd%2BccD1O2ZBA%2BZbR58H2%2FV87dyI%2F3jnp%2B9lzCi69D5BvTMmir%2FXjNxHWLVUtmCn%2BU6e9Jlb%2BW9CqFMzFq3MXis6MUJoBKuqmSFCFncctnyQ%3D%3D","entryPoint":"enviarCorreo","runtime":"nodejs22","dockerRegistry":"ARTIFACT_REGISTRY","labels":{"deployment-tool":"cli-firebase","deployment-callable":"true","firebase-functions-hash":"e5dd0925c0d33fdbaeb07af0f4db3a6d032b7481"},"httpsTrigger":{"securityLevel":"SECURE_ALWAYS"},"minInstances":null,"maxInstances":null,"ingressSettings":null,"environmentVariables":{"FIREBASE_CONFIG":"{\"projectId\":\"destinochile-dbfde\",\"databaseURL\":\"https://destinochile-dbfde-default-rtdb.firebaseio.com\",\"storageBucket\":\"destinochile-dbfde.firebasestorage.app\"}","GCLOUD_PROJECT":"destinochile-dbfde","EVENTARC_CLOUD_EVENT_SOURCE":"projects/destinochile-dbfde/locations/us-central1/functions/enviarCorreo"},"serviceAccountEmail":null,"availableMemoryMb":null,"timeout":null,"vpcConnector":null,"vpcConnectorEgressSettings":null,"buildEnvironmentVariables":{"GOOGLE_NODE_RUN_SCRIPTS":""}}
[debug] [2025-05-10T05:07:10.447Z] <<< [apiv2][status] POST https://cloudfunctions.googleapis.com/v1/projects/destinochile-dbfde/locations/us-central1/functions 400
[debug] [2025-05-10T05:07:10.447Z] <<< [apiv2][body] POST https://cloudfunctions.googleapis.com/v1/projects/destinochile-dbfde/locations/us-central1/functions {"error":{"code":400,"message":"Failed to create 1st Gen function projects/destinochile-dbfde/locations/us-central1/functions/enviarCorreo: runtime: Runtime validation errors: [error_code: INVALID_RUNTIME\nmessage: \"Runtime \\\"nodejs22\\\" is not supported on GCF Gen1\"\n]","status":"INVALID_ARGUMENT"}}
[warn] !  functions: failed to create function projects/destinochile-dbfde/locations/us-central1/functions/enviarCorreo 
[error] Failed to create function projects/destinochile-dbfde/locations/us-central1/functions/enviarCorreo
[debug] [2025-05-10T05:07:10.451Z] Total Function Deployment time: 1252
[debug] [2025-05-10T05:07:10.451Z] 1 Functions Deployed
[debug] [2025-05-10T05:07:10.452Z] 1 Functions Errored
[debug] [2025-05-10T05:07:10.452Z] 0 Function Deployments Aborted
[debug] [2025-05-10T05:07:10.452Z] Average Function Deployment time: 1251
[info] 
[info] Functions deploy had errors with the following functions:
	enviarCorreo(us-central1)
[debug] [2025-05-10T05:07:10.453Z] Checked if tokens are valid: true, expires at: 1746856189907
[debug] [2025-05-10T05:07:10.453Z] Checked if tokens are valid: true, expires at: 1746856189907
[debug] [2025-05-10T05:07:10.453Z] >>> [apiv2][query] GET https://artifactregistry.googleapis.com/v1/projects/destinochile-dbfde/locations/us-central1/repositories/gcf-artifacts [none]
[debug] [2025-05-10T05:07:11.350Z] <<< [apiv2][status] GET https://artifactregistry.googleapis.com/v1/projects/destinochile-dbfde/locations/us-central1/repositories/gcf-artifacts 200
[debug] [2025-05-10T05:07:11.350Z] <<< [apiv2][body] GET https://artifactregistry.googleapis.com/v1/projects/destinochile-dbfde/locations/us-central1/repositories/gcf-artifacts {"name":"projects/destinochile-dbfde/locations/us-central1/repositories/gcf-artifacts","format":"DOCKER","description":"This repository is created and used by Cloud Functions for storing function docker images.","labels":{"goog-managed-by":"cloudfunctions"},"createTime":"2025-01-04T20:14:18.432997Z","updateTime":"2025-05-09T18:51:55.039298Z","mode":"STANDARD_REPOSITORY","cleanupPolicies":{"firebase-functions-cleanup":{"id":"firebase-functions-cleanup","action":"DELETE","condition":{"tagState":"ANY","olderThan":"86400s"}}},"sizeBytes":"174036488","vulnerabilityScanningConfig":{"lastEnableTime":"2025-01-04T20:14:03.737021715Z","enablementState":"SCANNING_DISABLED","enablementStateReason":"API containerscanning.googleapis.com is not enabled."},"satisfiesPzi":true,"registryUri":"us-central1-docker.pkg.dev/destinochile-dbfde/gcf-artifacts"}
[debug] [2025-05-10T05:07:11.351Z] Functions deploy failed.
[debug] [2025-05-10T05:07:11.351Z] {
  "endpoint": {
    "id": "enviarCorreo",
    "project": "destinochile-dbfde",
    "region": "us-central1",
    "entryPoint": "enviarCorreo",
    "platform": "gcfv1",
    "runtime": "nodejs22",
    "callableTrigger": {},
    "labels": {
      "deployment-tool": "cli-firebase"
    },
    "serviceAccount": null,
    "ingressSettings": null,
    "availableMemoryMb": null,
    "timeoutSeconds": null,
    "maxInstances": null,
    "minInstances": null,
    "vpc": null,
    "environmentVariables": {
      "FIREBASE_CONFIG": "{\"projectId\":\"destinochile-dbfde\",\"databaseURL\":\"https://destinochile-dbfde-default-rtdb.firebaseio.com\",\"storageBucket\":\"destinochile-dbfde.firebasestorage.app\"}",
      "GCLOUD_PROJECT": "destinochile-dbfde",
      "EVENTARC_CLOUD_EVENT_SOURCE": "projects/destinochile-dbfde/locations/us-central1/functions/enviarCorreo"
    },
    "codebase": "default",
    "targetedByOnly": false,
    "hash": "e5dd0925c0d33fdbaeb07af0f4db3a6d032b7481"
  },
  "op": "create",
  "original": {
    "name": "FirebaseError",
    "children": [],
    "context": {
      "function": "projects/destinochile-dbfde/locations/us-central1/functions/enviarCorreo"
    },
    "exit": 1,
    "message": "Failed to create function projects/destinochile-dbfde/locations/us-central1/functions/enviarCorreo",
    "original": {
      "name": "FirebaseError",
      "children": [],
      "context": {
        "body": {
          "error": {
            "code": 400,
            "message": "Failed to create 1st Gen function projects/destinochile-dbfde/locations/us-central1/functions/enviarCorreo: runtime: Runtime validation errors: [error_code: INVALID_RUNTIME\nmessage: \"Runtime \\\"nodejs22\\\" is not supported on GCF Gen1\"\n]",
            "status": "INVALID_ARGUMENT"
          }
        },
        "response": {
          "statusCode": 400
        }
      },
      "exit": 1,
      "message": "Request to https://cloudfunctions.googleapis.com/v1/projects/destinochile-dbfde/locations/us-central1/functions had HTTP Error: 400, Failed to create 1st Gen function projects/destinochile-dbfde/locations/us-central1/functions/enviarCorreo: runtime: Runtime validation errors: [error_code: INVALID_RUNTIME\nmessage: \"Runtime \\\"nodejs22\\\" is not supported on GCF Gen1\"\n]",
      "status": 400
    },
    "status": 400,
    "code": 400
  }
}
[debug] [2025-05-10T05:07:11.352Z] Error: Failed to create function enviarCorreo in region us-central1
    at C:\Users\cokea\AppData\Roaming\npm\node_modules\firebase-tools\lib\deploy\functions\release\fabricator.js:52:11
    at process.processTicksAndRejections (node:internal/process/task_queues:105:5)
    at async Fabricator.createV1Function (C:\Users\cokea\AppData\Roaming\npm\node_modules\firebase-tools\lib\deploy\functions\release\fabricator.js:182:32)
    at async Fabricator.createEndpoint (C:\Users\cokea\AppData\Roaming\npm\node_modules\firebase-tools\lib\deploy\functions\release\fabricator.js:134:13)
    at async handle (C:\Users\cokea\AppData\Roaming\npm\node_modules\firebase-tools\lib\deploy\functions\release\fabricator.js:89:17)
[error] 
[error] Error: There was an error deploying functions
